0 info it worked if it ends with ok
1 verbose cli [ '/usr/local/bin/node',
1 verbose cli   '/usr/local/bin/npm',
1 verbose cli   'install',
1 verbose cli   '--save',
1 verbose cli   'react-addons-css-transition-group' ]
2 info using npm@2.15.8
3 info using node@v4.4.7
4 verbose install initial load of /Users/iriscaffin/Development/Courses/ReactJsFundamentals/github-battle/package.json
5 warn package.json gh-battle@1.0.0 No repository field.
6 verbose installManyTop reading scoped package data from /Users/iriscaffin/Development/Courses/ReactJsFundamentals/github-battle/node_modules/axios/package.json
7 verbose installManyTop reading scoped package data from /Users/iriscaffin/Development/Courses/ReactJsFundamentals/github-battle/node_modules/babel-core/package.json
8 verbose installManyTop reading scoped package data from /Users/iriscaffin/Development/Courses/ReactJsFundamentals/github-battle/node_modules/babel-loader/package.json
9 verbose installManyTop reading scoped package data from /Users/iriscaffin/Development/Courses/ReactJsFundamentals/github-battle/node_modules/babel-preset-react/package.json
10 verbose installManyTop reading scoped package data from /Users/iriscaffin/Development/Courses/ReactJsFundamentals/github-battle/node_modules/html-webpack-plugin/package.json
11 verbose installManyTop reading scoped package data from /Users/iriscaffin/Development/Courses/ReactJsFundamentals/github-battle/node_modules/react/package.json
12 verbose installManyTop reading scoped package data from /Users/iriscaffin/Development/Courses/ReactJsFundamentals/github-battle/node_modules/react-dom/package.json
13 verbose installManyTop reading scoped package data from /Users/iriscaffin/Development/Courses/ReactJsFundamentals/github-battle/node_modules/react-router/package.json
14 verbose installManyTop reading scoped package data from /Users/iriscaffin/Development/Courses/ReactJsFundamentals/github-battle/node_modules/webpack/package.json
15 verbose installManyTop reading scoped package data from /Users/iriscaffin/Development/Courses/ReactJsFundamentals/github-battle/node_modules/webpack-dev-server/package.json
16 info package.json axios@0.12.0 No README data
17 verbose readDependencies loading dependencies from /Users/iriscaffin/Development/Courses/ReactJsFundamentals/github-battle/package.json
18 silly cache add args [ 'react-addons-css-transition-group', null ]
19 verbose cache add spec react-addons-css-transition-group
20 silly cache add parsed spec Result {
20 silly cache add   raw: 'react-addons-css-transition-group',
20 silly cache add   scope: null,
20 silly cache add   name: 'react-addons-css-transition-group',
20 silly cache add   rawSpec: '',
20 silly cache add   spec: 'latest',
20 silly cache add   type: 'tag' }
21 silly addNamed react-addons-css-transition-group@latest
22 verbose addNamed "latest" is being treated as a dist-tag for react-addons-css-transition-group
23 info addNameTag [ 'react-addons-css-transition-group', 'latest' ]
24 silly mapToRegistry name react-addons-css-transition-group
25 silly mapToRegistry using default registry
26 silly mapToRegistry registry https://registry.npmjs.org/
27 silly mapToRegistry data Result {
27 silly mapToRegistry   raw: 'react-addons-css-transition-group',
27 silly mapToRegistry   scope: null,
27 silly mapToRegistry   name: 'react-addons-css-transition-group',
27 silly mapToRegistry   rawSpec: '',
27 silly mapToRegistry   spec: 'latest',
27 silly mapToRegistry   type: 'tag' }
28 silly mapToRegistry uri https://registry.npmjs.org/react-addons-css-transition-group
29 verbose addNameTag registry:https://registry.npmjs.org/react-addons-css-transition-group not in flight; fetching
30 verbose request uri https://registry.npmjs.org/react-addons-css-transition-group
31 verbose request no auth needed
32 info attempt registry request try #1 at 8:21:48 PM
33 verbose request id 2172ee5a5d6edb95
34 http request GET https://registry.npmjs.org/react-addons-css-transition-group
35 http 200 https://registry.npmjs.org/react-addons-css-transition-group
36 verbose headers { server: 'CouchDB/1.5.0 (Erlang OTP/R16B03)',
36 verbose headers   etag: '"2TUBIGBPGQBIG35CLF971ISLC"',
36 verbose headers   'content-type': 'application/json',
36 verbose headers   'content-encoding': 'gzip',
36 verbose headers   'cache-control': 'max-age=300',
36 verbose headers   'content-length': '4646',
36 verbose headers   'accept-ranges': 'bytes',
36 verbose headers   date: 'Mon, 11 Jul 2016 03:21:48 GMT',
36 verbose headers   via: '1.1 varnish',
36 verbose headers   age: '0',
36 verbose headers   connection: 'keep-alive',
36 verbose headers   'x-served-by': 'cache-lax1420-LAX',
36 verbose headers   'x-cache': 'HIT',
36 verbose headers   'x-cache-hits': '1',
36 verbose headers   'x-timer': 'S1468207308.611812,VS0,VE173',
36 verbose headers   vary: 'Accept-Encoding' }
37 silly get cb [ 200,
37 silly get   { server: 'CouchDB/1.5.0 (Erlang OTP/R16B03)',
37 silly get     etag: '"2TUBIGBPGQBIG35CLF971ISLC"',
37 silly get     'content-type': 'application/json',
37 silly get     'content-encoding': 'gzip',
37 silly get     'cache-control': 'max-age=300',
37 silly get     'content-length': '4646',
37 silly get     'accept-ranges': 'bytes',
37 silly get     date: 'Mon, 11 Jul 2016 03:21:48 GMT',
37 silly get     via: '1.1 varnish',
37 silly get     age: '0',
37 silly get     connection: 'keep-alive',
37 silly get     'x-served-by': 'cache-lax1420-LAX',
37 silly get     'x-cache': 'HIT',
37 silly get     'x-cache-hits': '1',
37 silly get     'x-timer': 'S1468207308.611812,VS0,VE173',
37 silly get     vary: 'Accept-Encoding' } ]
38 verbose get saving react-addons-css-transition-group to /Users/iriscaffin/.npm/registry.npmjs.org/react-addons-css-transition-group/.cache.json
39 verbose correctMkdir /Users/iriscaffin/.npm correctMkdir not in flight; initializing
40 silly addNameTag next cb for react-addons-css-transition-group with tag latest
41 silly addNamed react-addons-css-transition-group@15.2.1
42 verbose addNamed "15.2.1" is a plain semver version for react-addons-css-transition-group
43 silly mapToRegistry name react-addons-css-transition-group
44 silly mapToRegistry using default registry
45 silly mapToRegistry registry https://registry.npmjs.org/
46 silly mapToRegistry data Result {
46 silly mapToRegistry   raw: 'react-addons-css-transition-group',
46 silly mapToRegistry   scope: null,
46 silly mapToRegistry   name: 'react-addons-css-transition-group',
46 silly mapToRegistry   rawSpec: '',
46 silly mapToRegistry   spec: 'latest',
46 silly mapToRegistry   type: 'tag' }
47 silly mapToRegistry uri https://registry.npmjs.org/react-addons-css-transition-group
48 verbose addRemoteTarball https://registry.npmjs.org/react-addons-css-transition-group/-/react-addons-css-transition-group-15.2.1.tgz not in flight; adding
49 verbose addRemoteTarball [ 'https://registry.npmjs.org/react-addons-css-transition-group/-/react-addons-css-transition-group-15.2.1.tgz',
49 verbose addRemoteTarball   '2e77a838ba8bd3812c0a8b418fea7a7cc303d84b' ]
50 info retry fetch attempt 1 at 8:21:48 PM
51 info attempt registry request try #1 at 8:21:48 PM
52 http fetch GET https://registry.npmjs.org/react-addons-css-transition-group/-/react-addons-css-transition-group-15.2.1.tgz
53 http fetch 200 https://registry.npmjs.org/react-addons-css-transition-group/-/react-addons-css-transition-group-15.2.1.tgz
54 silly fetchAndShaCheck shasum 2e77a838ba8bd3812c0a8b418fea7a7cc303d84b
55 verbose addTmpTarball /var/folders/s_/107phs5n2hjb57nyghp2k97w0000gp/T/npm-5198-891804ae/registry.npmjs.org/react-addons-css-transition-group/-/react-addons-css-transition-group-15.2.1.tgz not in flight; adding
56 verbose addTmpTarball already have metadata; skipping unpack for react-addons-css-transition-group@15.2.1
57 verbose correctMkdir /Users/iriscaffin/.npm correctMkdir not in flight; initializing
58 silly cache afterAdd react-addons-css-transition-group@15.2.1
59 verbose afterAdd /Users/iriscaffin/.npm/react-addons-css-transition-group/15.2.1/package/package.json not in flight; writing
60 verbose correctMkdir /Users/iriscaffin/.npm correctMkdir not in flight; initializing
61 verbose afterAdd /Users/iriscaffin/.npm/react-addons-css-transition-group/15.2.1/package/package.json written
62 silly install resolved [ { name: 'react-addons-css-transition-group',
62 silly install resolved     version: '15.2.1',
62 silly install resolved     main: 'index.js',
62 silly install resolved     repository:
62 silly install resolved      { type: 'git',
62 silly install resolved        url: 'git+https://github.com/facebook/react.git' },
62 silly install resolved     keywords: [ 'react', 'react-addon' ],
62 silly install resolved     license: 'BSD-3-Clause',
62 silly install resolved     dependencies: {},
62 silly install resolved     peerDependencies: { react: '^15.2.1' },
62 silly install resolved     description: 'This package provides the React CSSTransitionGroup add-on.',
62 silly install resolved     bugs: { url: 'https://github.com/facebook/react/issues' },
62 silly install resolved     homepage: 'https://github.com/facebook/react#readme',
62 silly install resolved     _id: 'react-addons-css-transition-group@15.2.1',
62 silly install resolved     _shasum: '2e77a838ba8bd3812c0a8b418fea7a7cc303d84b',
62 silly install resolved     _resolved: 'https://registry.npmjs.org/react-addons-css-transition-group/-/react-addons-css-transition-group-15.2.1.tgz',
62 silly install resolved     _from: 'react-addons-css-transition-group@latest',
62 silly install resolved     scripts: {},
62 silly install resolved     _npmVersion: '2.15.5',
62 silly install resolved     _nodeVersion: '4.4.5',
62 silly install resolved     _npmUser: { name: 'zpao', email: 'paul@oshannessy.com' },
62 silly install resolved     maintainers: [ [Object], [Object], [Object], [Object], [Object] ],
62 silly install resolved     dist:
62 silly install resolved      { shasum: '2e77a838ba8bd3812c0a8b418fea7a7cc303d84b',
62 silly install resolved        tarball: 'https://registry.npmjs.org/react-addons-css-transition-group/-/react-addons-css-transition-group-15.2.1.tgz' },
62 silly install resolved     _npmOperationalInternal:
62 silly install resolved      { host: 'packages-12-west.internal.npmjs.com',
62 silly install resolved        tmp: 'tmp/react-addons-css-transition-group-15.2.1.tgz_1468017044112_0.14779217401519418' },
62 silly install resolved     directories: {} } ]
63 info install react-addons-css-transition-group@15.2.1 into /Users/iriscaffin/Development/Courses/ReactJsFundamentals/github-battle
64 info installOne react-addons-css-transition-group@15.2.1
65 verbose installOne of react-addons-css-transition-group to /Users/iriscaffin/Development/Courses/ReactJsFundamentals/github-battle not in flight; installing
66 verbose correctMkdir /Users/iriscaffin/.npm/_locks correctMkdir not in flight; initializing
67 verbose lock using /Users/iriscaffin/.npm/_locks/react-addons-css-transit-9d3bd840186bdb00.lock for /Users/iriscaffin/Development/Courses/ReactJsFundamentals/github-battle/node_modules/react-addons-css-transition-group
68 silly install write writing react-addons-css-transition-group 15.2.1 to /Users/iriscaffin/Development/Courses/ReactJsFundamentals/github-battle/node_modules/react-addons-css-transition-group
69 verbose unbuild node_modules/react-addons-css-transition-group
70 silly gentlyRm /Users/iriscaffin/Development/Courses/ReactJsFundamentals/github-battle/node_modules/react-addons-css-transition-group is being purged from base /Users/iriscaffin/Development/Courses/ReactJsFundamentals/github-battle
71 verbose gentlyRm don't care about contents; nuking /Users/iriscaffin/Development/Courses/ReactJsFundamentals/github-battle/node_modules/react-addons-css-transition-group
72 verbose tar unpack /Users/iriscaffin/.npm/react-addons-css-transition-group/15.2.1/package.tgz
73 verbose tar unpacking to /Users/iriscaffin/Development/Courses/ReactJsFundamentals/github-battle/node_modules/react-addons-css-transition-group
74 silly gentlyRm /Users/iriscaffin/Development/Courses/ReactJsFundamentals/github-battle/node_modules/react-addons-css-transition-group is being purged
75 verbose gentlyRm don't care about contents; nuking /Users/iriscaffin/Development/Courses/ReactJsFundamentals/github-battle/node_modules/react-addons-css-transition-group
76 silly gunzTarPerm modes [ '755', '644' ]
77 silly gunzTarPerm extractEntry package.json
78 silly gunzTarPerm extractEntry README.md
79 silly gunzTarPerm extractEntry LICENSE
80 silly gunzTarPerm extractEntry index.js
81 silly gunzTarPerm extractEntry PATENTS
82 verbose write writing to /Users/iriscaffin/Development/Courses/ReactJsFundamentals/github-battle/node_modules/react-addons-css-transition-group/package.json
83 info preinstall react-addons-css-transition-group@15.2.1
84 verbose readDependencies loading dependencies from /Users/iriscaffin/Development/Courses/ReactJsFundamentals/github-battle/node_modules/react-addons-css-transition-group/package.json
85 silly prepareForInstallMany adding react@^15.2.1 from react-addons-css-transition-group peerDependencies
86 warn peerDependencies The peer dependency react@^15.2.1 included from react-addons-css-transition-group will no
87 warn peerDependencies longer be automatically installed to fulfill the peerDependency
88 warn peerDependencies in npm 3+. Your application will need to depend on it explicitly.
89 verbose readDependencies loading dependencies from /Users/iriscaffin/Development/Courses/ReactJsFundamentals/github-battle/node_modules/react-addons-css-transition-group/package.json
90 silly install resolved []
91 verbose about to build /Users/iriscaffin/Development/Courses/ReactJsFundamentals/github-battle/node_modules/react-addons-css-transition-group
92 info build /Users/iriscaffin/Development/Courses/ReactJsFundamentals/github-battle/node_modules/react-addons-css-transition-group
93 info linkStuff react-addons-css-transition-group@15.2.1
94 silly linkStuff react-addons-css-transition-group@15.2.1 has /Users/iriscaffin/Development/Courses/ReactJsFundamentals/github-battle/node_modules as its parent node_modules
95 verbose linkBins react-addons-css-transition-group@15.2.1
96 verbose linkMans react-addons-css-transition-group@15.2.1
97 verbose rebuildBundles react-addons-css-transition-group@15.2.1
98 info install react-addons-css-transition-group@15.2.1
99 info postinstall react-addons-css-transition-group@15.2.1
100 verbose readDependencies loading dependencies from /Users/iriscaffin/Development/Courses/ReactJsFundamentals/github-battle/package.json
101 verbose targetResolver reading package data from /Users/iriscaffin/Development/Courses/ReactJsFundamentals/github-battle/node_modules/axios/package.json
102 verbose targetResolver reading package data from /Users/iriscaffin/Development/Courses/ReactJsFundamentals/github-battle/node_modules/babel-core/package.json
103 verbose targetResolver reading package data from /Users/iriscaffin/Development/Courses/ReactJsFundamentals/github-battle/node_modules/babel-loader/package.json
104 verbose targetResolver reading package data from /Users/iriscaffin/Development/Courses/ReactJsFundamentals/github-battle/node_modules/babel-preset-react/package.json
105 verbose targetResolver reading package data from /Users/iriscaffin/Development/Courses/ReactJsFundamentals/github-battle/node_modules/html-webpack-plugin/package.json
106 verbose targetResolver reading package data from /Users/iriscaffin/Development/Courses/ReactJsFundamentals/github-battle/node_modules/react/package.json
107 verbose targetResolver reading package data from /Users/iriscaffin/Development/Courses/ReactJsFundamentals/github-battle/node_modules/react-addons-css-transition-group/package.json
108 verbose targetResolver reading package data from /Users/iriscaffin/Development/Courses/ReactJsFundamentals/github-battle/node_modules/react-dom/package.json
109 verbose targetResolver reading package data from /Users/iriscaffin/Development/Courses/ReactJsFundamentals/github-battle/node_modules/react-router/package.json
110 verbose targetResolver reading package data from /Users/iriscaffin/Development/Courses/ReactJsFundamentals/github-battle/node_modules/webpack/package.json
111 verbose targetResolver reading package data from /Users/iriscaffin/Development/Courses/ReactJsFundamentals/github-battle/node_modules/webpack-dev-server/package.json
112 verbose targetResolver reading package data from /Users/iriscaffin/Development/Courses/ReactJsFundamentals/github-battle/node_modules/.bin/webpack/package.json
113 verbose targetResolver reading package data from /Users/iriscaffin/Development/Courses/ReactJsFundamentals/github-battle/node_modules/.bin/webpack-dev-server/package.json
114 verbose already installed skipping react@^15.2.1 /Users/iriscaffin/Development/Courses/ReactJsFundamentals/github-battle
115 silly install resolved []
116 verbose unlock done using /Users/iriscaffin/.npm/_locks/react-addons-css-transit-9d3bd840186bdb00.lock for /Users/iriscaffin/Development/Courses/ReactJsFundamentals/github-battle/node_modules/react-addons-css-transition-group
117 verbose validateInstall loading /Users/iriscaffin/Development/Courses/ReactJsFundamentals/github-battle/package.json for validation
118 verbose stack Error: The package react@0.14.8 does not satisfy its siblings' peerDependencies requirements!
118 verbose stack     at /usr/local/lib/node_modules/npm/lib/install.js:125:32
118 verbose stack     at /usr/local/lib/node_modules/npm/lib/install.js:268:7
118 verbose stack     at /usr/local/lib/node_modules/npm/node_modules/read-installed/read-installed.js:142:5
118 verbose stack     at /usr/local/lib/node_modules/npm/node_modules/read-installed/read-installed.js:263:14
118 verbose stack     at cb (/usr/local/lib/node_modules/npm/node_modules/slide/lib/async-map.js:47:24)
118 verbose stack     at /usr/local/lib/node_modules/npm/node_modules/read-installed/read-installed.js:263:14
118 verbose stack     at cb (/usr/local/lib/node_modules/npm/node_modules/slide/lib/async-map.js:47:24)
118 verbose stack     at /usr/local/lib/node_modules/npm/node_modules/read-installed/read-installed.js:263:14
118 verbose stack     at cb (/usr/local/lib/node_modules/npm/node_modules/slide/lib/async-map.js:47:24)
118 verbose stack     at /usr/local/lib/node_modules/npm/node_modules/read-installed/read-installed.js:263:14
119 verbose cwd /Users/iriscaffin/Development/Courses/ReactJsFundamentals/github-battle
120 error Darwin 15.5.0
121 error argv "/usr/local/bin/node" "/usr/local/bin/npm" "install" "--save" "react-addons-css-transition-group"
122 error node v4.4.7
123 error npm  v2.15.8
124 error code EPEERINVALID
125 error peerinvalid The package react@0.14.8 does not satisfy its siblings' peerDependencies requirements!
125 error peerinvalid Peer react-dom@0.14.8 wants react@^0.14.8
125 error peerinvalid Peer react-addons-css-transition-group@15.2.1 wants react@^15.2.1
126 verbose exit [ 1, true ]
